已經開始建置於 2015/12/11 下午 07:49:48。
     1>節點 2 (Build 目標) 上的專案 "D:\code\c++\mfc2\MFCApplication3\MFCApplication3\MFCApplication3.vcxproj"。
     1>ClCompile:
         C:\Program Files (x86)\Microsoft Visual Studio 14.0\VC\bin\CL.exe /c /ZI /nologo /W3 /WX- /sdl /Od /Oy- /D WIN32 /D _WINDOWS /D _DEBUG /D _UNICODE /D UNICODE /D _AFXDLL /Gm /EHsc /RTC1 /MDd /GS /fp:precise /Zc:wchar_t /Zc:forScope /Zc:inline /Yc"stdafx.h" /Fp"Debug\MFCApplication3.pch" /Fo"Debug\\" /Fd"Debug\vc140.pdb" /Gd /TP /analyze- /errorReport:prompt stdafx.cpp
         stdafx.cpp
         C:\Program Files (x86)\Microsoft Visual Studio 14.0\VC\bin\CL.exe /c /ZI /nologo /W3 /WX- /sdl /Od /Oy- /D WIN32 /D _WINDOWS /D _DEBUG /D _UNICODE /D UNICODE /D _AFXDLL /Gm /EHsc /RTC1 /MDd /GS /fp:precise /Zc:wchar_t /Zc:forScope /Zc:inline /Yu"stdafx.h" /Fp"Debug\MFCApplication3.pch" /Fo"Debug\\" /Fd"Debug\vc140.pdb" /Gd /TP /analyze- /errorReport:prompt MainFrm.cpp MFCApplication3.cpp MFCApplication3Doc.cpp MFCApplication3View.cpp
         MFCApplication3View.cpp
         MFCApplication3Doc.cpp
         MFCApplication3.cpp
         MainFrm.cpp
         正在產生程式碼...
       ResourceCompile:
         C:\Program Files (x86)\Windows Kits\8.1\bin\x86\rc.exe /D _DEBUG /D _UNICODE /D UNICODE /D _AFXDLL /l"0x0404" /IDebug\ /nologo /fo"Debug\MFCApplication3.res" MFCApplication3.rc 
       Link:
         C:\Program Files (x86)\Microsoft Visual Studio 14.0\VC\bin\link.exe /ERRORREPORT:PROMPT /OUT:"D:\code\c++\mfc2\MFCApplication3\Debug\MFCApplication3.exe" /INCREMENTAL /NOLOGO /MANIFEST /MANIFESTUAC:"level='asInvoker' uiAccess='false'" /manifest:embed /manifestinput:"C:\Program Files (x86)\Microsoft Visual Studio 14.0\VC\Include\Manifest\dpiaware.manifest" /Debug /PDB:"D:\code\c++\mfc2\MFCApplication3\Debug\MFCApplication3.pdb" /SUBSYSTEM:WINDOWS /TLBID:1 /ENTRY:"wWinMainCRTStartup" /DYNAMICBASE /NXCOMPAT /IMPLIB:"D:\code\c++\mfc2\MFCApplication3\Debug\MFCApplication3.lib" /MACHINE:X86 Debug\MFCApplication3.res
         Debug\MainFrm.obj
         Debug\MFCApplication3.obj
         Debug\MFCApplication3Doc.obj
         Debug\MFCApplication3View.obj
         Debug\stdafx.obj
         MFCApplication3.vcxproj -> D:\code\c++\mfc2\MFCApplication3\Debug\MFCApplication3.exe
     1>專案 "D:\code\c++\mfc2\MFCApplication3\MFCApplication3\MFCApplication3.vcxproj" (Build 目標) 建置完成。

建置成功。

經過時間 00:00:10.05
